<?xml version="1.0" encoding="UTF-8"?>
<Site BuildName="Linux-g++"
	BuildStamp="20240518-0819-Experimental"
	Name="raxim4uk-1-0"
	Generator="ctest-3.27.4"
	CompilerName="/usr/bin/g++"
	CompilerVersion="13.2.0"
	OSName="Linux"
	Hostname="raxim4uk-1-0"
	OSRelease="6.5.0-35-generic"
	OSVersion="#35-Ubuntu SMP PREEMPT_DYNAMIC Fri Apr 26 11:23:57 UTC 2024"
	OSPlatform="x86_64"
	Is64Bits="1"
	VendorString="AuthenticAMD"
	VendorID="Advanced Micro Devices"
	FamilyID="25"
	ModelID="80"
	ProcessorCacheSize="512"
	NumberOfLogicalCPU="16"
	NumberOfPhysicalCPU="8"
	TotalVirtualMemory="4095"
	TotalPhysicalMemory="15380"
	LogicalProcessorsPerPhysical="2"
	ProcessorClockFrequency="3667.43"
	>
	<Testing>
		<StartDateTime>May 18 12:34 MSK</StartDateTime>
		<StartTestTime>1716024891</StartTestTime>
		<TestList/>
		<EndDateTime>May 18 12:34 MSK</EndDateTime>
		<EndTestTime>1716024891</EndTestTime>
		<ElapsedMinutes>0</ElapsedMinutes>
	</Testing>
</Site>
