<?xml version="1.0" encoding="UTF-8"?>
<Site BuildName="Linux-g++"
	BuildStamp="20240512-1150-Experimental"
	Name="raxim4uk-1-0"
	Generator="ctest-3.27.4"
	CompilerName="/usr/bin/g++"
	CompilerVersion="13.2.0"
	OSName="Linux"
	Hostname="raxim4uk-1-0"
	OSRelease="6.5.0-28-generic"
	OSVersion="#29-Ubuntu SMP PREEMPT_DYNAMIC Thu Mar 28 23:46:48 UTC 2024"
	OSPlatform="x86_64"
	Is64Bits="1"
	VendorString="AuthenticAMD"
	VendorID="Advanced Micro Devices"
	FamilyID="25"
	ModelID="80"
	ProcessorCacheSize="512"
	NumberOfLogicalCPU="16"
	NumberOfPhysicalCPU="8"
	TotalVirtualMemory="4095"
	TotalPhysicalMemory="15380"
	LogicalProcessorsPerPhysical="2"
	ProcessorClockFrequency="2894.6"
	>
	<Testing>
		<StartDateTime>May 12 15:01 MSK</StartDateTime>
		<StartTestTime>1715515280</StartTestTime>
		<TestList/>
		<EndDateTime>May 12 15:01 MSK</EndDateTime>
		<EndTestTime>1715515280</EndTestTime>
		<ElapsedMinutes>0</ElapsedMinutes>
	</Testing>
</Site>
